2023-10-19T05:54:30+00:00 CRITICAL Uncaught Error: Call to a member function get_total() on null in /home/smknspp/sikepmart.smknspplampung.sch.id/wp-content/themes/woostify/inc/woostify-template-functions.php:2120
Stack trace:
#0 /home/smknspp/sikepmart.smknspplampung.sch.id/wp-includes/class-wp-hook.php(310): woostify_header_action('')
#1 /home/smknspp/sikepmart.smknspplampung.sch.id/wp-includes/class-wp-hook.php(334): WP_Hook->apply_filters(NULL, Array)
#2 /home/smknspp/sikepmart.smknspplampung.sch.id/wp-includes/plugin.php(517): WP_Hook->do_action(Array)
#3 /home/smknspp/sikepmart.smknspplampung.sch.id/wp-content/themes/woostify/inc/woostify-template-functions.php(2374): do_action('woostify_site_h...')
#4 /home/smknspp/sikepmart.smknspplampung.sch.id/wp-includes/class-wp-hook.php(310): woostify_site_header('')
#5 /home/smknspp/sikepmart.smknspplampung.sch.id/wp-includes/class-wp-hook.php(334): WP_Hook->apply_filters(NULL, Array)
#6 /home/smknspp/sikepmart.smknspplampung.sch.id/wp-includes/plugin.php(517): WP_Hook->do_action(Array)
#7 /home/smknspp/sikepmart.smknspplampung.sch.id/wp-content/themes/woostify/template-parts/header.php(8): do_action('woostify_templa...')
#8 /home/smknspp/sikepmart.smknspplampung.sch.id/wp-includes/template.php(787): require('/home/smknspp/s...')
#9 /home/smknspp/sikepmart.smknspplampung.sch.id/wp-includes/template.php(720): load_template('/home/smknspp/s...', false, Array)
#10 /home/smknspp/sikepmart.smknspplampung.sch.id/wp-includes/general-template.php(206): locate_template(Array, true, false, Array)
#11 /home/smknspp/sikepmart.smknspplampung.sch.id/wp-content/themes/woostify/inc/woostify-template-builder.php(18): get_template_part('template-parts/...')
#12 /home/smknspp/sikepmart.smknspplampung.sch.id/wp-includes/class-wp-hook.php(310): woostify_template_header('')
#13 /home/smknspp/sikepmart.smknspplampung.sch.id/wp-includes/class-wp-hook.php(334): WP_Hook->apply_filters('', Array)
#14 /home/smknspp/sikepmart.smknspplampung.sch.id/wp-includes/plugin.php(517): WP_Hook->do_action(Array)
#15 /home/smknspp/sikepmart.smknspplampung.sch.id/wp-content/themes/woostify/header.php(18): do_action('woostify_theme_...')
#16 /home/smknspp/sikepmart.smknspplampung.sch.id/wp-includes/template.php(785): require_once('/home/smknspp/s...')
#17 /home/smknspp/sikepmart.smknspplampung.sch.id/wp-includes/template.php(720): load_template('/home/smknspp/s...', true, Array)
#18 /home/smknspp/sikepmart.smknspplampung.sch.id/wp-includes/general-template.php(48): locate_template(Array, true, true, Array)
#19 /home/smknspp/sikepmart.smknspplampung.sch.id/wp-content/themes/woostify/404.php(8): get_header()
#20 /home/smknspp/sikepmart.smknspplampung.sch.id/wp-includes/template-loader.php(106): include('/home/smknspp/s...')
#21 /home/smknspp/sikepmart.smknspplampung.sch.id/wp-blog-header.php(19): require_once('/home/smknspp/s...')
#22 /home/smknspp/sikepmart.smknspplampung.sch.id/index.php(17): require('/home/smknspp/s...')
#23 {main}
  thrown di /home/smknspp/sikepmart.smknspplampung.sch.id/wp-content/themes/woostify/inc/woostify-template-functions.php pada baris 2120

2023-10-19T05:54:51+00:00 CRITICAL Uncaught Error: Call to a member function get_total() on null in /home/smknspp/sikepmart.smknspplampung.sch.id/wp-content/themes/woostify/inc/woostify-template-functions.php:2120
Stack trace:
#0 /home/smknspp/sikepmart.smknspplampung.sch.id/wp-includes/class-wp-hook.php(310): woostify_header_action('')
#1 /home/smknspp/sikepmart.smknspplampung.sch.id/wp-includes/class-wp-hook.php(334): WP_Hook->apply_filters(NULL, Array)
#2 /home/smknspp/sikepmart.smknspplampung.sch.id/wp-includes/plugin.php(517): WP_Hook->do_action(Array)
#3 /home/smknspp/sikepmart.smknspplampung.sch.id/wp-content/themes/woostify/inc/woostify-template-functions.php(2374): do_action('woostify_site_h...')
#4 /home/smknspp/sikepmart.smknspplampung.sch.id/wp-includes/class-wp-hook.php(310): woostify_site_header('')
#5 /home/smknspp/sikepmart.smknspplampung.sch.id/wp-includes/class-wp-hook.php(334): WP_Hook->apply_filters(NULL, Array)
#6 /home/smknspp/sikepmart.smknspplampung.sch.id/wp-includes/plugin.php(517): WP_Hook->do_action(Array)
#7 /home/smknspp/sikepmart.smknspplampung.sch.id/wp-content/themes/woostify/template-parts/header.php(8): do_action('woostify_templa...')
#8 /home/smknspp/sikepmart.smknspplampung.sch.id/wp-includes/template.php(787): require('/home/smknspp/s...')
#9 /home/smknspp/sikepmart.smknspplampung.sch.id/wp-includes/template.php(720): load_template('/home/smknspp/s...', false, Array)
#10 /home/smknspp/sikepmart.smknspplampung.sch.id/wp-includes/general-template.php(206): locate_template(Array, true, false, Array)
#11 /home/smknspp/sikepmart.smknspplampung.sch.id/wp-content/themes/woostify/inc/woostify-template-builder.php(18): get_template_part('template-parts/...')
#12 /home/smknspp/sikepmart.smknspplampung.sch.id/wp-includes/class-wp-hook.php(310): woostify_template_header('')
#13 /home/smknspp/sikepmart.smknspplampung.sch.id/wp-includes/class-wp-hook.php(334): WP_Hook->apply_filters('', Array)
#14 /home/smknspp/sikepmart.smknspplampung.sch.id/wp-includes/plugin.php(517): WP_Hook->do_action(Array)
#15 /home/smknspp/sikepmart.smknspplampung.sch.id/wp-content/themes/woostify/header.php(18): do_action('woostify_theme_...')
#16 /home/smknspp/sikepmart.smknspplampung.sch.id/wp-includes/template.php(785): require_once('/home/smknspp/s...')
#17 /home/smknspp/sikepmart.smknspplampung.sch.id/wp-includes/template.php(720): load_template('/home/smknspp/s...', true, Array)
#18 /home/smknspp/sikepmart.smknspplampung.sch.id/wp-includes/general-template.php(48): locate_template(Array, true, true, Array)
#19 /home/smknspp/sikepmart.smknspplampung.sch.id/wp-content/themes/woostify/404.php(8): get_header()
#20 /home/smknspp/sikepmart.smknspplampung.sch.id/wp-includes/template-loader.php(106): include('/home/smknspp/s...')
#21 /home/smknspp/sikepmart.smknspplampung.sch.id/wp-blog-header.php(19): require_once('/home/smknspp/s...')
#22 /home/smknspp/sikepmart.smknspplampung.sch.id/index.php(17): require('/home/smknspp/s...')
#23 {main}
  thrown di /home/smknspp/sikepmart.smknspplampung.sch.id/wp-content/themes/woostify/inc/woostify-template-functions.php pada baris 2120

2023-10-19T05:55:27+00:00 CRITICAL Uncaught Error: Call to a member function get_total() on null in /home/smknspp/sikepmart.smknspplampung.sch.id/wp-content/themes/woostify/inc/woostify-template-functions.php:2120
Stack trace:
#0 /home/smknspp/sikepmart.smknspplampung.sch.id/wp-includes/class-wp-hook.php(310): woostify_header_action('')
#1 /home/smknspp/sikepmart.smknspplampung.sch.id/wp-includes/class-wp-hook.php(334): WP_Hook->apply_filters(NULL, Array)
#2 /home/smknspp/sikepmart.smknspplampung.sch.id/wp-includes/plugin.php(517): WP_Hook->do_action(Array)
#3 /home/smknspp/sikepmart.smknspplampung.sch.id/wp-content/themes/woostify/inc/woostify-template-functions.php(2374): do_action('woostify_site_h...')
#4 /home/smknspp/sikepmart.smknspplampung.sch.id/wp-includes/class-wp-hook.php(310): woostify_site_header('')
#5 /home/smknspp/sikepmart.smknspplampung.sch.id/wp-includes/class-wp-hook.php(334): WP_Hook->apply_filters(NULL, Array)
#6 /home/smknspp/sikepmart.smknspplampung.sch.id/wp-includes/plugin.php(517): WP_Hook->do_action(Array)
#7 /home/smknspp/sikepmart.smknspplampung.sch.id/wp-content/themes/woostify/template-parts/header.php(8): do_action('woostify_templa...')
#8 /home/smknspp/sikepmart.smknspplampung.sch.id/wp-includes/template.php(787): require('/home/smknspp/s...')
#9 /home/smknspp/sikepmart.smknspplampung.sch.id/wp-includes/template.php(720): load_template('/home/smknspp/s...', false, Array)
#10 /home/smknspp/sikepmart.smknspplampung.sch.id/wp-includes/general-template.php(206): locate_template(Array, true, false, Array)
#11 /home/smknspp/sikepmart.smknspplampung.sch.id/wp-content/themes/woostify/inc/woostify-template-builder.php(18): get_template_part('template-parts/...')
#12 /home/smknspp/sikepmart.smknspplampung.sch.id/wp-includes/class-wp-hook.php(310): woostify_template_header('')
#13 /home/smknspp/sikepmart.smknspplampung.sch.id/wp-includes/class-wp-hook.php(334): WP_Hook->apply_filters('', Array)
#14 /home/smknspp/sikepmart.smknspplampung.sch.id/wp-includes/plugin.php(517): WP_Hook->do_action(Array)
#15 /home/smknspp/sikepmart.smknspplampung.sch.id/wp-content/themes/woostify/header.php(18): do_action('woostify_theme_...')
#16 /home/smknspp/sikepmart.smknspplampung.sch.id/wp-includes/template.php(785): require_once('/home/smknspp/s...')
#17 /home/smknspp/sikepmart.smknspplampung.sch.id/wp-includes/template.php(720): load_template('/home/smknspp/s...', true, Array)
#18 /home/smknspp/sikepmart.smknspplampung.sch.id/wp-includes/general-template.php(48): locate_template(Array, true, true, Array)
#19 /home/smknspp/sikepmart.smknspplampung.sch.id/wp-content/themes/woostify/404.php(8): get_header()
#20 /home/smknspp/sikepmart.smknspplampung.sch.id/wp-includes/template-loader.php(106): include('/home/smknspp/s...')
#21 /home/smknspp/sikepmart.smknspplampung.sch.id/wp-blog-header.php(19): require_once('/home/smknspp/s...')
#22 /home/smknspp/sikepmart.smknspplampung.sch.id/index.php(17): require('/home/smknspp/s...')
#23 {main}
  thrown di /home/smknspp/sikepmart.smknspplampung.sch.id/wp-content/themes/woostify/inc/woostify-template-functions.php pada baris 2120

2023-10-19T05:55:45+00:00 CRITICAL Uncaught Error: Call to a member function get_total() on null in /home/smknspp/sikepmart.smknspplampung.sch.id/wp-content/themes/woostify/inc/woostify-template-functions.php:2120
Stack trace:
#0 /home/smknspp/sikepmart.smknspplampung.sch.id/wp-includes/class-wp-hook.php(310): woostify_header_action('')
#1 /home/smknspp/sikepmart.smknspplampung.sch.id/wp-includes/class-wp-hook.php(334): WP_Hook->apply_filters(NULL, Array)
#2 /home/smknspp/sikepmart.smknspplampung.sch.id/wp-includes/plugin.php(517): WP_Hook->do_action(Array)
#3 /home/smknspp/sikepmart.smknspplampung.sch.id/wp-content/themes/woostify/inc/woostify-template-functions.php(2374): do_action('woostify_site_h...')
#4 /home/smknspp/sikepmart.smknspplampung.sch.id/wp-includes/class-wp-hook.php(310): woostify_site_header('')
#5 /home/smknspp/sikepmart.smknspplampung.sch.id/wp-includes/class-wp-hook.php(334): WP_Hook->apply_filters(NULL, Array)
#6 /home/smknspp/sikepmart.smknspplampung.sch.id/wp-includes/plugin.php(517): WP_Hook->do_action(Array)
#7 /home/smknspp/sikepmart.smknspplampung.sch.id/wp-content/themes/woostify/template-parts/header.php(8): do_action('woostify_templa...')
#8 /home/smknspp/sikepmart.smknspplampung.sch.id/wp-includes/template.php(787): require('/home/smknspp/s...')
#9 /home/smknspp/sikepmart.smknspplampung.sch.id/wp-includes/template.php(720): load_template('/home/smknspp/s...', false, Array)
#10 /home/smknspp/sikepmart.smknspplampung.sch.id/wp-includes/general-template.php(206): locate_template(Array, true, false, Array)
#11 /home/smknspp/sikepmart.smknspplampung.sch.id/wp-content/themes/woostify/inc/woostify-template-builder.php(18): get_template_part('template-parts/...')
#12 /home/smknspp/sikepmart.smknspplampung.sch.id/wp-includes/class-wp-hook.php(310): woostify_template_header('')
#13 /home/smknspp/sikepmart.smknspplampung.sch.id/wp-includes/class-wp-hook.php(334): WP_Hook->apply_filters('', Array)
#14 /home/smknspp/sikepmart.smknspplampung.sch.id/wp-includes/plugin.php(517): WP_Hook->do_action(Array)
#15 /home/smknspp/sikepmart.smknspplampung.sch.id/wp-content/themes/woostify/header.php(18): do_action('woostify_theme_...')
#16 /home/smknspp/sikepmart.smknspplampung.sch.id/wp-includes/template.php(785): require_once('/home/smknspp/s...')
#17 /home/smknspp/sikepmart.smknspplampung.sch.id/wp-includes/template.php(720): load_template('/home/smknspp/s...', true, Array)
#18 /home/smknspp/sikepmart.smknspplampung.sch.id/wp-includes/general-template.php(48): locate_template(Array, true, true, Array)
#19 /home/smknspp/sikepmart.smknspplampung.sch.id/wp-content/themes/woostify/404.php(8): get_header()
#20 /home/smknspp/sikepmart.smknspplampung.sch.id/wp-includes/template-loader.php(106): include('/home/smknspp/s...')
#21 /home/smknspp/sikepmart.smknspplampung.sch.id/wp-blog-header.php(19): require_once('/home/smknspp/s...')
#22 /home/smknspp/sikepmart.smknspplampung.sch.id/index.php(17): require('/home/smknspp/s...')
#23 {main}
  thrown di /home/smknspp/sikepmart.smknspplampung.sch.id/wp-content/themes/woostify/inc/woostify-template-functions.php pada baris 2120

2023-10-19T05:56:55+00:00 CRITICAL Uncaught Error: Call to a member function get_total() on null in /home/smknspp/sikepmart.smknspplampung.sch.id/wp-content/themes/woostify/inc/woostify-template-functions.php:2120
Stack trace:
#0 /home/smknspp/sikepmart.smknspplampung.sch.id/wp-includes/class-wp-hook.php(310): woostify_header_action('')
#1 /home/smknspp/sikepmart.smknspplampung.sch.id/wp-includes/class-wp-hook.php(334): WP_Hook->apply_filters(NULL, Array)
#2 /home/smknspp/sikepmart.smknspplampung.sch.id/wp-includes/plugin.php(517): WP_Hook->do_action(Array)
#3 /home/smknspp/sikepmart.smknspplampung.sch.id/wp-content/themes/woostify/inc/woostify-template-functions.php(2374): do_action('woostify_site_h...')
#4 /home/smknspp/sikepmart.smknspplampung.sch.id/wp-includes/class-wp-hook.php(310): woostify_site_header('')
#5 /home/smknspp/sikepmart.smknspplampung.sch.id/wp-includes/class-wp-hook.php(334): WP_Hook->apply_filters(NULL, Array)
#6 /home/smknspp/sikepmart.smknspplampung.sch.id/wp-includes/plugin.php(517): WP_Hook->do_action(Array)
#7 /home/smknspp/sikepmart.smknspplampung.sch.id/wp-content/themes/woostify/template-parts/header.php(8): do_action('woostify_templa...')
#8 /home/smknspp/sikepmart.smknspplampung.sch.id/wp-includes/template.php(787): require('/home/smknspp/s...')
#9 /home/smknspp/sikepmart.smknspplampung.sch.id/wp-includes/template.php(720): load_template('/home/smknspp/s...', false, Array)
#10 /home/smknspp/sikepmart.smknspplampung.sch.id/wp-includes/general-template.php(206): locate_template(Array, true, false, Array)
#11 /home/smknspp/sikepmart.smknspplampung.sch.id/wp-content/themes/woostify/inc/woostify-template-builder.php(18): get_template_part('template-parts/...')
#12 /home/smknspp/sikepmart.smknspplampung.sch.id/wp-includes/class-wp-hook.php(310): woostify_template_header('')
#13 /home/smknspp/sikepmart.smknspplampung.sch.id/wp-includes/class-wp-hook.php(334): WP_Hook->apply_filters('', Array)
#14 /home/smknspp/sikepmart.smknspplampung.sch.id/wp-includes/plugin.php(517): WP_Hook->do_action(Array)
#15 /home/smknspp/sikepmart.smknspplampung.sch.id/wp-content/themes/woostify/header.php(18): do_action('woostify_theme_...')
#16 /home/smknspp/sikepmart.smknspplampung.sch.id/wp-includes/template.php(785): require_once('/home/smknspp/s...')
#17 /home/smknspp/sikepmart.smknspplampung.sch.id/wp-includes/template.php(720): load_template('/home/smknspp/s...', true, Array)
#18 /home/smknspp/sikepmart.smknspplampung.sch.id/wp-includes/general-template.php(48): locate_template(Array, true, true, Array)
#19 /home/smknspp/sikepmart.smknspplampung.sch.id/wp-content/themes/woostify/404.php(8): get_header()
#20 /home/smknspp/sikepmart.smknspplampung.sch.id/wp-includes/template-loader.php(106): include('/home/smknspp/s...')
#21 /home/smknspp/sikepmart.smknspplampung.sch.id/wp-blog-header.php(19): require_once('/home/smknspp/s...')
#22 /home/smknspp/sikepmart.smknspplampung.sch.id/index.php(17): require('/home/smknspp/s...')
#23 {main}
  thrown di /home/smknspp/sikepmart.smknspplampung.sch.id/wp-content/themes/woostify/inc/woostify-template-functions.php pada baris 2120

2023-10-19T05:57:45+00:00 CRITICAL Uncaught Error: Call to a member function get_total() on null in /home/smknspp/sikepmart.smknspplampung.sch.id/wp-content/themes/woostify/inc/woostify-template-functions.php:2120
Stack trace:
#0 /home/smknspp/sikepmart.smknspplampung.sch.id/wp-includes/class-wp-hook.php(310): woostify_header_action('')
#1 /home/smknspp/sikepmart.smknspplampung.sch.id/wp-includes/class-wp-hook.php(334): WP_Hook->apply_filters(NULL, Array)
#2 /home/smknspp/sikepmart.smknspplampung.sch.id/wp-includes/plugin.php(517): WP_Hook->do_action(Array)
#3 /home/smknspp/sikepmart.smknspplampung.sch.id/wp-content/themes/woostify/inc/woostify-template-functions.php(2374): do_action('woostify_site_h...')
#4 /home/smknspp/sikepmart.smknspplampung.sch.id/wp-includes/class-wp-hook.php(310): woostify_site_header('')
#5 /home/smknspp/sikepmart.smknspplampung.sch.id/wp-includes/class-wp-hook.php(334): WP_Hook->apply_filters(NULL, Array)
#6 /home/smknspp/sikepmart.smknspplampung.sch.id/wp-includes/plugin.php(517): WP_Hook->do_action(Array)
#7 /home/smknspp/sikepmart.smknspplampung.sch.id/wp-content/themes/woostify/template-parts/header.php(8): do_action('woostify_templa...')
#8 /home/smknspp/sikepmart.smknspplampung.sch.id/wp-includes/template.php(787): require('/home/smknspp/s...')
#9 /home/smknspp/sikepmart.smknspplampung.sch.id/wp-includes/template.php(720): load_template('/home/smknspp/s...', false, Array)
#10 /home/smknspp/sikepmart.smknspplampung.sch.id/wp-includes/general-template.php(206): locate_template(Array, true, false, Array)
#11 /home/smknspp/sikepmart.smknspplampung.sch.id/wp-content/themes/woostify/inc/woostify-template-builder.php(18): get_template_part('template-parts/...')
#12 /home/smknspp/sikepmart.smknspplampung.sch.id/wp-includes/class-wp-hook.php(310): woostify_template_header('')
#13 /home/smknspp/sikepmart.smknspplampung.sch.id/wp-includes/class-wp-hook.php(334): WP_Hook->apply_filters('', Array)
#14 /home/smknspp/sikepmart.smknspplampung.sch.id/wp-includes/plugin.php(517): WP_Hook->do_action(Array)
#15 /home/smknspp/sikepmart.smknspplampung.sch.id/wp-content/themes/woostify/header.php(18): do_action('woostify_theme_...')
#16 /home/smknspp/sikepmart.smknspplampung.sch.id/wp-includes/template.php(785): require_once('/home/smknspp/s...')
#17 /home/smknspp/sikepmart.smknspplampung.sch.id/wp-includes/template.php(720): load_template('/home/smknspp/s...', true, Array)
#18 /home/smknspp/sikepmart.smknspplampung.sch.id/wp-includes/general-template.php(48): locate_template(Array, true, true, Array)
#19 /home/smknspp/sikepmart.smknspplampung.sch.id/wp-content/themes/woostify/404.php(8): get_header()
#20 /home/smknspp/sikepmart.smknspplampung.sch.id/wp-includes/template-loader.php(106): include('/home/smknspp/s...')
#21 /home/smknspp/sikepmart.smknspplampung.sch.id/wp-blog-header.php(19): require_once('/home/smknspp/s...')
#22 /home/smknspp/sikepmart.smknspplampung.sch.id/index.php(17): require('/home/smknspp/s...')
#23 {main}
  thrown di /home/smknspp/sikepmart.smknspplampung.sch.id/wp-content/themes/woostify/inc/woostify-template-functions.php pada baris 2120

